生成启动时间为 2021/6/29 15:38:16。
     1>项目“D:\GitHub\singlebranch\Spectral\SPDriver\winDriver_libwin32\64demon1\64demon1\64demon1.vcxproj”在节点 2 上(build 个目标)。
     1>InitializeBuildStatus:
         正在对“x64\Release\64demon1.unsuccessfulbuild”执行 Touch 任务。
       ClCompile:
         所有输出均为最新。
         d:\Program Files (x86)\Microsoft Visual Studio 10.0\VC\bin\x86_amd64\CL.exe /c /Zi /nologo /W3 /WX- /O2 /Oi /GL /D WIN32 /D NDEBUG /D _CONSOLE /D _UNICODE /D UNICODE /Gm- /EHsc /MD /GS /Gy /fp:precise /Zc:wchar_t /Zc:forScope /Yu"StdAfx.h" /Fp"x64\Release\64demon1.pch" /Fo"x64\Release\\" /Fd"x64\Release\vc100.pdb" /Gd /TP /errorReport:prompt 64demon1.cpp
         64demon1.cpp
     1>64demon1.cpp(36): warning C4267: “初始化”: 从“size_t”转换到“int”，可能丢失数据
       Link:
         d:\Program Files (x86)\Microsoft Visual Studio 10.0\VC\bin\x86_amd64\link.exe /ERRORREPORT:PROMPT /OUT:"D:\GitHub\singlebranch\Spectral\SPDriver\winDriver_libwin32\64demon1\x64\Release\64demon1.exe" /INCREMENTAL:NO /NOLOGO SpectraArsenal.lib /MANIFEST /ManifestFile:"x64\Release\64demon1.exe.intermediate.manifest" /MANIFESTUAC:"level='asInvoker' uiAccess='false'" /DEBUG /PDB:"D:\GitHub\singlebranch\Spectral\SPDriver\winDriver_libwin32\64demon1\x64\Release\64demon1.pdb" /SUBSYSTEM:CONSOLE /OPT:REF /OPT:ICF /LTCG /TLBID:1 /DYNAMICBASE /NXCOMPAT /IMPLIB:"D:\GitHub\singlebranch\Spectral\SPDriver\winDriver_libwin32\64demon1\x64\Release\64demon1.lib" /MACHINE:X64 x64\Release\64demon1.obj
         x64\Release\simple_chart.obj
         x64\Release\stdafx.obj
         正在生成代码
         已完成代码的生成
         64demon1.vcxproj -> D:\GitHub\singlebranch\Spectral\SPDriver\winDriver_libwin32\64demon1\x64\Release\64demon1.exe
       Manifest:
         C:\Program Files (x86)\Microsoft SDKs\Windows\v7.0A\bin\mt.exe /nologo /verbose /outputresource:"D:\GitHub\singlebranch\Spectral\SPDriver\winDriver_libwin32\64demon1\x64\Release\64demon1.exe;#1" /manifest x64\Release\64demon1.exe.intermediate.manifest
       FinalizeBuildStatus:
         正在删除文件“x64\Release\64demon1.unsuccessfulbuild”。
         正在对“x64\Release\64demon1.lastbuildstate”执行 Touch 任务。
     1>已完成生成项目“D:\GitHub\singlebranch\Spectral\SPDriver\winDriver_libwin32\64demon1\64demon1\64demon1.vcxproj”(build 个目标)的操作。

生成成功。

已用时间 00:00:01.83
