D:\GitHub\singlebranch\Spectral\SPDriver\winDriver_libwin32\SpectraArsenal64\SpectraArsenal\x64\Release\cl.command.1.tlog
D:\GitHub\singlebranch\Spectral\SPDriver\winDriver_libwin32\SpectraArsenal64\SpectraArsenal\x64\Release\CL.read.1.tlog
D:\GitHub\singlebranch\Spectral\SPDriver\winDriver_libwin32\SpectraArsenal64\SpectraArsenal\x64\Release\CL.write.1.tlog
D:\GITHUB\SINGLEBRANCH\SPECTRAL\SPDRIVER\WINDRIVER_LIBWIN32\SPECTRAARSENAL64\SPECTRAARSENAL\X64\RELEASE\COM_DRIVER.OBJ
D:\GitHub\singlebranch\Spectral\SPDriver\winDriver_libwin32\SpectraArsenal64\SpectraArsenal\x64\Release\link.command.1.tlog
D:\GitHub\singlebranch\Spectral\SPDriver\winDriver_libwin32\SpectraArsenal64\SpectraArsenal\x64\Release\link.read.1.tlog
D:\GitHub\singlebranch\Spectral\SPDriver\winDriver_libwin32\SpectraArsenal64\SpectraArsenal\x64\Release\link.write.1.tlog
D:\GitHub\singlebranch\Spectral\SPDriver\winDriver_libwin32\SpectraArsenal64\SpectraArsenal\x64\Release\link-cvtres.read.1.tlog
D:\GitHub\singlebranch\Spectral\SPDriver\winDriver_libwin32\SpectraArsenal64\SpectraArsenal\x64\Release\link-cvtres.write.1.tlog
D:\GITHUB\SINGLEBRANCH\SPECTRAL\SPDRIVER\WINDRIVER_LIBWIN32\SPECTRAARSENAL64\SPECTRAARSENAL\X64\RELEASE\MIGP.OBJ
D:\GitHub\singlebranch\Spectral\SPDriver\winDriver_libwin32\SpectraArsenal64\SpectraArsenal\x64\Release\mt.command.1.tlog
D:\GitHub\singlebranch\Spectral\SPDriver\winDriver_libwin32\SpectraArsenal64\SpectraArsenal\x64\Release\mt.read.1.tlog
D:\GitHub\singlebranch\Spectral\SPDriver\winDriver_libwin32\SpectraArsenal64\SpectraArsenal\x64\Release\mt.write.1.tlog
D:\GitHub\singlebranch\Spectral\SPDriver\winDriver_libwin32\SpectraArsenal64\SpectraArsenal\x64\Release\rc.command.1.tlog
D:\GitHub\singlebranch\Spectral\SPDriver\winDriver_libwin32\SpectraArsenal64\SpectraArsenal\x64\Release\rc.read.1.tlog
D:\GitHub\singlebranch\Spectral\SPDriver\winDriver_libwin32\SpectraArsenal64\SpectraArsenal\x64\Release\rc.write.1.tlog
D:\GITHUB\SINGLEBRANCH\SPECTRAL\SPDRIVER\WINDRIVER_LIBWIN32\SPECTRAARSENAL64\SPECTRAARSENAL\X64\RELEASE\SPECTRAARSENAL.DLL.INTERMEDIATE.MANIFEST
D:\GITHUB\SINGLEBRANCH\SPECTRAL\SPDRIVER\WINDRIVER_LIBWIN32\SPECTRAARSENAL64\SPECTRAARSENAL\X64\RELEASE\SPECTRAARSENAL.OBJ
D:\GITHUB\SINGLEBRANCH\SPECTRAL\SPDRIVER\WINDRIVER_LIBWIN32\SPECTRAARSENAL64\SPECTRAARSENAL\X64\RELEASE\SPECTRAARSENAL.PCH
D:\GITHUB\SINGLEBRANCH\SPECTRAL\SPDRIVER\WINDRIVER_LIBWIN32\SPECTRAARSENAL64\SPECTRAARSENAL\X64\RELEASE\SPECTRAARSENAL.RES
D:\GitHub\singlebranch\Spectral\SPDriver\winDriver_libwin32\SpectraArsenal64\SpectraArsenal\x64\Release\SpectraArsenal.write.1.tlog
D:\GITHUB\SINGLEBRANCH\SPECTRAL\SPDRIVER\WINDRIVER_LIBWIN32\SPECTRAARSENAL64\SPECTRAARSENAL\X64\RELEASE\STDAFX.OBJ
D:\GITHUB\SINGLEBRANCH\SPECTRAL\SPDRIVER\WINDRIVER_LIBWIN32\SPECTRAARSENAL64\SPECTRAARSENAL\X64\RELEASE\VC100.PDB
D:\GITHUB\SINGLEBRANCH\SPECTRAL\SPDRIVER\WINDRIVER_LIBWIN32\SPECTRAARSENAL64\X64\RELEASE\SPECTRAARSENAL.DLL
D:\GitHub\singlebranch\Spectral\SPDriver\winDriver_libwin32\SpectraArsenal64\x64\Release\SpectraArsenal.exp
D:\GitHub\singlebranch\Spectral\SPDriver\winDriver_libwin32\SpectraArsenal64\x64\Release\SpectraArsenal.lib
D:\GITHUB\SINGLEBRANCH\SPECTRAL\SPDRIVER\WINDRIVER_LIBWIN32\SPECTRAARSENAL64\X64\RELEASE\SPECTRAARSENAL.PDB
