生成启动时间为 2021/6/29 15:26:51。
     1>项目“D:\GitHub\singlebranch\Spectral\SPDriver\winDriver_libwin32\SpectraArsenal64\SpectraArsenal\SpectraArsenal.vcxproj”在节点 2 上(rebuild 个目标)。
     1>_PrepareForClean:
         正在删除文件“x64\Release\SpectraArsenal.lastbuildstate”。
       InitializeBuildStatus:
         正在创建“x64\Release\SpectraArsenal.unsuccessfulbuild”，因为已指定“AlwaysCreate”。
       ClCompile:
         d:\Program Files (x86)\Microsoft Visual Studio 10.0\VC\bin\x86_amd64\CL.exe /c /Zi /nologo /W3 /WX- /O2 /Oi /GL /D WIN32 /D _WINDOWS /D SPECTRAARSENAL_EXPORTS /D NDEBUG /D _USRDLL /D _WINDLL /D _MBCS /D _AFXDLL /Gm- /EHsc /MD /GS /Gy /fp:precise /Zc:wchar_t /Zc:forScope /Yc"StdAfx.h" /Fp"x64\Release\SpectraArsenal.pch" /Fo"x64\Release\\" /Fd"x64\Release\vc100.pdb" /Gd /TP /errorReport:prompt stdafx.cpp
         stdafx.cpp
         d:\Program Files (x86)\Microsoft Visual Studio 10.0\VC\bin\x86_amd64\CL.exe /c /Zi /nologo /W3 /WX- /O2 /Oi /GL /D WIN32 /D _WINDOWS /D SPECTRAARSENAL_EXPORTS /D NDEBUG /D _USRDLL /D _WINDLL /D _MBCS /D _AFXDLL /Gm- /EHsc /MD /GS /Gy /fp:precise /Zc:wchar_t /Zc:forScope /Yu"StdAfx.h" /Fp"x64\Release\SpectraArsenal.pch" /Fo"x64\Release\\" /Fd"x64\Release\vc100.pdb" /Gd /TP /errorReport:prompt Com_Driver.cpp MIGP.cpp SpectraArsenal.cpp
         Com_Driver.cpp
         MIGP.cpp
         SpectraArsenal.cpp
       ResourceCompile:
         C:\Program Files (x86)\Microsoft SDKs\Windows\v7.0A\bin\rc.exe /D NDEBUG /D _AFXDLL /l"0x0804" /Ix64\Release\ /nologo /fo"x64\Release\SpectraArsenal.res" SpectraArsenal.rc 
       Link:
         d:\Program Files (x86)\Microsoft Visual Studio 10.0\VC\bin\x86_amd64\link.exe /ERRORREPORT:PROMPT /OUT:"D:\GitHub\singlebranch\Spectral\SPDriver\winDriver_libwin32\SpectraArsenal64\x64\Release\SpectraArsenal.dll" /INCREMENTAL:NO /NOLOGO USB_Driver.lib /DEF:".\SpectraArsenal.def" /MANIFEST /ManifestFile:"x64\Release\SpectraArsenal.dll.intermediate.manifest" /MANIFESTUAC:"level='asInvoker' uiAccess='false'" /DEBUG /PDB:"D:\GitHub\singlebranch\Spectral\SPDriver\winDriver_libwin32\SpectraArsenal64\x64\Release\SpectraArsenal.pdb" /SUBSYSTEM:WINDOWS /OPT:REF /OPT:ICF /LTCG /TLBID:1 /DYNAMICBASE /NXCOMPAT /IMPLIB:"D:\GitHub\singlebranch\Spectral\SPDriver\winDriver_libwin32\SpectraArsenal64\x64\Release\SpectraArsenal.lib" /MACHINE:X64 /DLL x64\Release\SpectraArsenal.res
         x64\Release\Com_Driver.obj
         x64\Release\MIGP.obj
         x64\Release\SpectraArsenal.obj
         x64\Release\stdafx.obj
            正在创建库 D:\GitHub\singlebranch\Spectral\SPDriver\winDriver_libwin32\SpectraArsenal64\x64\Release\SpectraArsenal.lib 和对象 D:\GitHub\singlebranch\Spectral\SPDriver\winDriver_libwin32\SpectraArsenal64\x64\Release\SpectraArsenal.exp
         正在生成代码
         已完成代码的生成
         SpectraArsenal.vcxproj -> D:\GitHub\singlebranch\Spectral\SPDriver\winDriver_libwin32\SpectraArsenal64\x64\Release\SpectraArsenal.dll
       Manifest:
         C:\Program Files (x86)\Microsoft SDKs\Windows\v7.0A\bin\mt.exe /nologo /verbose /outputresource:"D:\GitHub\singlebranch\Spectral\SPDriver\winDriver_libwin32\SpectraArsenal64\x64\Release\SpectraArsenal.dll;#2" /manifest x64\Release\SpectraArsenal.dll.intermediate.manifest "d:\Program Files (x86)\Microsoft Visual Studio 10.0\VC\Include\Manifest\dpiaware.manifest"
       FinalizeBuildStatus:
         正在删除文件“x64\Release\SpectraArsenal.unsuccessfulbuild”。
         正在对“x64\Release\SpectraArsenal.lastbuildstate”执行 Touch 任务。
     1>已完成生成项目“D:\GitHub\singlebranch\Spectral\SPDriver\winDriver_libwin32\SpectraArsenal64\SpectraArsenal\SpectraArsenal.vcxproj”(rebuild 个目标)的操作。

生成成功。

已用时间 00:00:03.50
